[    0.000000] Initializing cgroup subsys cpuset
[    0.000000] Initializing cgroup subsys cpu
[    0.000000] Initializing cgroup subsys cpuacct
[    0.000000] Linux version 4.4.0-119-generic (buildd@lcy01-amd64-013) (gcc version 5.4.0 20160609 (Ubuntu 5.4.0-6ubuntu1~16.04.9) ) #143-Ubuntu SMP Mon Apr 2 16:08:24 UTC 2018 (Ubuntu 4.4.0-119.143-generic 4.4.114)
[    0.000000] Command line: BOOT_IMAGE=/boot/vmlinuz-4.4.0-119-generic root=LABEL=cloudimg-rootfs ro console=tty1 console=ttyS0
[    0.000000] KERNEL supported cpus:
[    0.000000]   Intel GenuineIntel
[    0.000000]   AMD AuthenticAMD
[    0.000000]   Centaur CentaurHauls
[    0.000000] x86/fpu: xstate_offset[2]:  576, xstate_sizes[2]:  256
[    0.000000] x86/fpu: Supporting XSAVE feature 0x01: 'x87 floating point registers'
[    0.000000] x86/fpu: Supporting XSAVE feature 0x02: 'SSE registers'
[    0.000000] x86/fpu: Supporting XSAVE feature 0x04: 'AVX registers'
[    0.000000] x86/fpu: Enabled xstate features 0x7, context size is 832 bytes, using 'standard' format.
[    0.000000] x86/fpu: Using 'lazy' FPU context switches.
[    0.000000] e820: BIOS-provided physical RAM map:
[    0.000000] BIOS-e820: [mem 0x0000000000000000-0x000000000009fbff] usable
[    0.000000] BIOS-e820: [mem 0x000000000009fc00-0x000000000009ffff] reserved
[    0.000000] BIOS-e820: [mem 0x00000000000f0000-0x00000000000fffff] reserved
[    0.000000] BIOS-e820: [mem 0x0000000000100000-0x000000003ffeffff] usable
[    0.000000] BIOS-e820: [mem 0x000000003fff0000-0x000000003fffffff] ACPI data
[    0.000000] BIOS-e820: [mem 0x00000000fec00000-0x00000000fec00fff] reserved
[    0.000000] BIOS-e820: [mem 0x00000000fee00000-0x00000000fee00fff] reserved
[    0.000000] BIOS-e820: [mem 0x00000000fffc0000-0x00000000ffffffff] reserved
[    0.000000] NX (Execute Disable) protection: active
[    0.000000] SMBIOS 2.5 present.
[    0.000000] Hypervisor detected: KVM
[    0.000000] Kernel/User page tables isolation: disabled
[    0.000000] e820: last_pfn = 0x3fff0 max_arch_pfn = 0x400000000
[    0.000000] MTRR: Disabled
[    0.000000] x86/PAT: MTRRs disabled, skipping PAT initialization too.
[    0.000000] CPU MTRRs all blank - virtualized system.
[    0.000000] x86/PAT: Configuration [0-7]: WB  WT  UC- UC  WB  WT  UC- UC  
[    0.000000] found SMP MP-table at [mem 0x0009fff0-0x0009ffff] mapped at [ffff88000009fff0]
[    0.000000] Scanning 1 areas for low memory corruption
[    0.000000] RAMDISK: [mem 0x361cc000-0x370ddfff]
[    0.000000] ACPI: Early table checksum verification disabled
[    0.000000] ACPI: RSDP 0x00000000000E0000 000024 (v02 VBOX  )
[    0.000000] ACPI: XSDT 0x000000003FFF0030 00003C (v01 VBOX   VBOXXSDT 00000001 ASL  00000061)
[    0.000000] ACPI: FACP 0x000000003FFF00F0 0000F4 (v04 VBOX   VBOXFACP 00000001 ASL  00000061)
[    0.000000] ACPI: DSDT 0x000000003FFF0470 0021FF (v02 VBOX   VBOXBIOS 00000002 INTL 20160108)
[    0.000000] ACPI: FACS 0x000000003FFF0200 000040
[    0.000000] ACPI: FACS 0x000000003FFF0200 000040
[    0.000000] ACPI: APIC 0x000000003FFF0240 00005C (v02 VBOX   VBOXAPIC 00000001 ASL  00000061)
[    0.000000] ACPI: SSDT 0x000000003FFF02A0 0001CC (v01 VBOX   VBOXCPUT 00000002 INTL 20160108)
[    0.000000] No NUMA configuration found
[    0.000000] Faking a node at [mem 0x0000000000000000-0x000000003ffeffff]
[    0.000000] NODE_DATA(0) allocated [mem 0x3ffeb000-0x3ffeffff]
[    0.000000] kvm-clock: Using msrs 4b564d01 and 4b564d00
[    0.000000] kvm-clock: cpu 0, msr 0:3ffe3001, primary cpu clock
[    0.000000] kvm-clock: using sched offset of 4409877160 cycles
[    0.000000] clocksource: kvm-clock: mask: 0xffffffffffffffff max_cycles: 0x1cd42e4dffb, max_idle_ns: 881590591483 ns
[    0.000000] Zone ranges:
[    0.000000]   DMA      [mem 0x0000000000001000-0x0000000000ffffff]
[    0.000000]   DMA32    [mem 0x0000000001000000-0x000000003ffeffff]
[    0.000000]   Normal   empty
[    0.000000]   Device   empty
[    0.000000] Movable zone start for each node
[    0.000000] Early memory node ranges
[    0.000000]   node   0: [mem 0x0000000000001000-0x000000000009efff]
[    0.000000]   node   0: [mem 0x0000000000100000-0x000000003ffeffff]
[    0.000000] Initmem setup node 0 [mem 0x0000000000001000-0x000000003ffeffff]
[    0.000000] ACPI: PM-Timer IO Port: 0x4008
[    0.000000] IOAPIC[0]: apic_id 2, version 32, address 0xfec00000, GSI 0-23
[    0.000000] ACPI: INT_SRC_OVR (bus 0 bus_irq 0 global_irq 2 dfl dfl)
[    0.000000] ACPI: INT_SRC_OVR (bus 0 bus_irq 9 global_irq 9 high level)
[    0.000000] Using ACPI (MADT) for SMP configuration information
[    0.000000] smpboot: Allowing 2 CPUs, 0 hotplug CPUs
[    0.000000] PM: Registered nosave memory: [mem 0x00000000-0x00000fff]
[    0.000000] PM: Registered nosave memory: [mem 0x0009f000-0x0009ffff]
[    0.000000] PM: Registered nosave memory: [mem 0x000a0000-0x000effff]
[    0.000000] PM: Registered nosave memory: [mem 0x000f0000-0x000fffff]
[    0.000000] e820: [mem 0x40000000-0xfebfffff] available for PCI devices
[    0.000000] Booting paravirtualized kernel on KVM
[    0.000000] clocksource: refined-jiffies: mask: 0xffffffff max_cycles: 0xffffffff, max_idle_ns: 7645519600211568 ns
[    0.000000] setup_percpu: NR_CPUS:512 nr_cpumask_bits:512 nr_cpu_ids:2 nr_node_ids:1
[    0.000000] PERCPU: Embedded 34 pages/cpu @ffff88003fc00000 s99544 r8192 d31528 u1048576
[    0.000000] PV qspinlock hash table entries: 256 (order: 0, 4096 bytes)
[    0.000000] Built 1 zonelists in Node order, mobility grouping on.  Total pages: 257912
[    0.000000] Policy zone: DMA32
[    0.000000] Kernel command line: BOOT_IMAGE=/boot/vmlinuz-4.4.0-119-generic root=LABEL=cloudimg-rootfs ro console=tty1 console=ttyS0
[    0.000000] PID hash table entries: 4096 (order: 3, 32768 bytes)
[    0.000000] Memory: 997092K/1048120K available (8532K kernel code, 1313K rwdata, 3996K rodata, 1508K init, 1316K bss, 51028K reserved, 0K cma-reserved)
[    0.000000] SLUB: HWalign=64, Order=0-3, MinObjects=0, CPUs=2, Nodes=1
[    0.000000] Hierarchical RCU implementation.
[    0.000000] 	Build-time adjustment of leaf fanout to 64.
[    0.000000] 	RCU restricting CPUs from NR_CPUS=512 to nr_cpu_ids=2.
[    0.000000] RCU: Adjusting geometry for rcu_fanout_leaf=64, nr_cpu_ids=2
[    0.000000] NR_IRQS:33024 nr_irqs:440 16
[    0.000000] Console: colour VGA+ 80x25
[    0.000000] console [tty1] enabled
[    0.000000] console [ttyS0] enabled
[    0.000000] tsc: Detected 1996.256 MHz processor
[    0.000000] tsc: Marking TSC unstable due to TSCs unsynchronized
[    0.012000] Calibrating delay loop (skipped) preset value.. 3992.51 BogoMIPS (lpj=7985024)
[    0.016021] pid_max: default: 32768 minimum: 301
[    0.020045] ACPI: Core revision 20150930
[    0.028473] ACPI: 2 ACPI AML tables successfully acquired and loaded
[    0.037668] Security Framework initialized
[    0.040020] Yama: becoming mindful.
[    0.044251] AppArmor: AppArmor initialized
[    0.052022] Dentry cache hash table entries: 131072 (order: 8, 1048576 bytes)
[    0.056547] Inode-cache hash table entries: 65536 (order: 7, 524288 bytes)
[    0.061729] Mount-cache hash table entries: 2048 (order: 2, 16384 bytes)
[    0.064037] Mountpoint-cache hash table entries: 2048 (order: 2, 16384 bytes)
[    0.068465] Initializing cgroup subsys io
[    0.072031] Initializing cgroup subsys memory
[    0.076053] Initializing cgroup subsys devices
[    0.080034] Initializing cgroup subsys freezer
[    0.084031] Initializing cgroup subsys net_cls
[    0.088033] Initializing cgroup subsys perf_event
[    0.092039] Initializing cgroup subsys net_prio
[    0.096047] Initializing cgroup subsys hugetlb
[    0.100033] Initializing cgroup subsys pids
[    0.104286] FEATURE SPEC_CTRL Not Present
[    0.108022] FEATURE IBPB Not Present
[    0.112021] Disabling indirect branch predictor support
[    0.116031] CPU: Physical Processor ID: 0
[    0.120021] CPU: Processor Core ID: 0
[    0.135201] mce: CPU supports 0 MCE banks
[    0.136067] Last level iTLB entries: 4KB 512, 2MB 8, 4MB 4
[    0.140029] Last level dTLB entries: 4KB 512, 2MB 256, 4MB 128, 1GB 0
[    0.144038] Spectre V2 mitigation: LFENCE not serializing. Switching to generic retpoline
[    0.148020] Spectre V2 mitigation: Mitigation: Full generic retpoline
[    0.152020] Spectre V2 mitigation: Speculation control IBPB not-supported IBRS not-supported
[    0.156031] Spectre V2 mitigation: Filling RSB on context switch
[    0.165307] Freeing SMP alternatives memory: 32K
[    0.183337] ftrace: allocating 32195 entries in 126 pages
[    0.216174] smpboot: APIC(0) Converting physical 0 to logical package 0
[    0.220023] smpboot: Max logical packages: 1
[    0.228137] x2apic enabled
[    0.232025] Switched APIC routing to physical x2apic.
[    0.240474] ..TIMER: vector=0x30 apic1=0 pin1=2 apic2=-1 pin2=-1
[    0.248000] smpboot: CPU0: AMD A8-6410 APU with AMD Radeon R5 Graphics (family: 0x16, model: 0x30, stepping: 0x1)
[    0.260042] Performance Events: Broken PMU hardware detected, using software events only.
[    0.268022] Failed to access perfctr msr (MSR c0010007 is 0)
[    0.272117] KVM setup paravirtual spinlock
[    0.277387] x86: Booting SMP configuration:
[    0.280046] .... node  #0, CPUs:      #1
[    0.012000] kvm-clock: cpu 1, msr 0:3ffe3041, secondary cpu clock
[    0.012000] mce: CPU supports 0 MCE banks
[    0.605637] x86: Booted up 1 node, 2 CPUs
[    0.608032] smpboot: Total of 2 processors activated (7985.02 BogoMIPS)
[    0.616124] devtmpfs: initialized
[    0.693856] evm: security.selinux
[    0.776036] evm: security.SMACK64
[    0.868011] evm: security.SMACK64EXEC
[    0.948013] evm: security.SMACK64TRANSMUTE
[    1.036012] evm: security.SMACK64MMAP
[    1.128013] evm: security.ima
[    1.176017] evm: security.capability
[    1.268138] clocksource: jiffies: mask: 0xffffffff max_cycles: 0xffffffff, max_idle_ns: 7645041785100000 ns
[    1.524060] futex hash table entries: 512 (order: 3, 32768 bytes)
[    1.688160] pinctrl core: initialized pinctrl subsystem
[    1.696012] RTC time:  7:16:07, date: 04/15/18
[    1.700562] NET: Registered protocol family 16
[    1.716011] cpuidle: using governor ladder
[    1.824045] cpuidle: using governor menu
[    1.828042] PCCT header not found.
[    1.836192] ACPI: bus type PCI registered
[    1.840037] acpiphp: ACPI Hot Plug PCI Controller Driver version: 0.5
[    1.844242] PCI: Using configuration type 1 for base access
[    1.848015] PCI: Using configuration type 1 for extended access
[    1.868387] ACPI: Added _OSI(Module Device)
[    1.872024] ACPI: Added _OSI(Processor Device)
[    1.876017] ACPI: Added _OSI(3.0 _SCP Extensions)
[    1.880016] ACPI: Added _OSI(Processor Aggregator Device)
[    1.888388] ACPI: Executed 1 blocks of module-level executable AML code
[    1.904542] ACPI: Interpreter enabled
[    1.908048] ACPI: (supports S0 S5)
[    1.912028] ACPI: Using IOAPIC for interrupt routing
[    1.916502] PCI: Using host bridge windows from ACPI; if necessary, use "pci=nocrs" and report a bug
[    1.928065] ACPI: PCI Root Bridge [PCI0] (domain 0000 [bus 00-ff])
[    1.932050] acpi PNP0A03:00: _OSC: OS supports [ExtendedConfig ASPM ClockPM Segments MSI]
[    1.936177] acpi PNP0A03:00: _OSC: OS now controls [PCIeHotplug PME AER PCIeCapability]
[    1.940686] PCI host bridge to bus 0000:00
[    1.944023] pci_bus 0000:00: root bus resource [io  0x0000-0x0cf7 window]
[    1.948024] pci_bus 0000:00: root bus resource [io  0x0d00-0xffff window]
[    1.952023] pci_bus 0000:00: root bus resource [mem 0x000a0000-0x000bffff window]
[    1.956030] pci_bus 0000:00: root bus resource [mem 0x40000000-0xffdfffff window]
[    1.960026] pci_bus 0000:00: root bus resource [bus 00-ff]
[    1.969704] pci 0000:00:01.1: legacy IDE quirk: reg 0x10: [io  0x01f0-0x01f7]
[    1.972023] pci 0000:00:01.1: legacy IDE quirk: reg 0x14: [io  0x03f6]
[    1.976045] pci 0000:00:01.1: legacy IDE quirk: reg 0x18: [io  0x0170-0x0177]
[    1.980027] pci 0000:00:01.1: legacy IDE quirk: reg 0x1c: [io  0x0376]
[    2.043311] pci 0000:00:07.0: quirk: [io  0x4000-0x403f] claimed by PIIX4 ACPI
[    2.044046] pci 0000:00:07.0: quirk: [io  0x4100-0x410f] claimed by PIIX4 SMB
[    2.080088] ACPI: PCI Interrupt Link [LNKA] (IRQs 5 9 10 *11)
[    2.097431] ACPI: PCI Interrupt Link [LNKB] (IRQs 5 9 10 *11)
[    2.110407] ACPI: PCI Interrupt Link [LNKC] (IRQs 5 9 *10 11)
[    2.120261] ACPI: PCI Interrupt Link [LNKD] (IRQs 5 *9 10 11)
[    2.134272] ACPI: Enabled 2 GPEs in block 00 to 07
[    2.136477] vgaarb: setting as boot device: PCI:0000:00:02.0
[    2.140000] vgaarb: device added: PCI:0000:00:02.0,decodes=io+mem,owns=io+mem,locks=none
[    2.140042] vgaarb: loaded
[    2.144017] vgaarb: bridge control possible 0000:00:02.0
[    2.152192] SCSI subsystem initialized
[    2.156415] ACPI: bus type USB registered
[    2.160123] usbcore: registered new interface driver usbfs
[    2.164066] usbcore: registered new interface driver hub
[    2.168135] usbcore: registered new device driver usb
[    2.172262] PCI: Using ACPI for IRQ routing
[    2.176549] NetLabel: Initializing
[    2.184016] NetLabel:  domain hash size = 128
[    2.188021] NetLabel:  protocols = UNLABELED CIPSOv4
[    2.192093] NetLabel:  unlabeled traffic allowed by default
[    2.196143] amd_nb: Cannot enumerate AMD northbridges
[    2.200105] clocksource: Switched to clocksource kvm-clock
[    2.330945] AppArmor: AppArmor Filesystem Enabled
[    2.404370] pnp: PnP ACPI init
[    2.465375] pnp: PnP ACPI: found 3 devices
[    2.555417] clocksource: acpi_pm: mask: 0xffffff max_cycles: 0xffffff, max_idle_ns: 2085701024 ns
[    2.713663] NET: Registered protocol family 2
[    2.807611] TCP established hash table entries: 8192 (order: 4, 65536 bytes)
[    2.960127] TCP bind hash table entries: 8192 (order: 5, 131072 bytes)
[    3.079028] TCP: Hash tables configured (established 8192 bind 8192)
[    3.188675] UDP hash table entries: 512 (order: 2, 16384 bytes)
[    3.318069] UDP-Lite hash table entries: 512 (order: 2, 16384 bytes)
[    3.473507] NET: Registered protocol family 1
[    3.573356] pci 0000:00:00.0: Limiting direct PCI/PCI transfers
[    3.700963] pci 0000:00:01.0: Activating ISA DMA hang workarounds
[    3.828646] Unpacking initramfs...
[    4.410893] Freeing initrd memory: 15432K
[    4.472468] clocksource: tsc: mask: 0xffffffffffffffff max_cycles: 0x398cbb98ce6, max_idle_ns: 881590701561 ns
[    4.654035] platform rtc_cmos: registered platform RTC device (no PNP device found)
[    4.809867] Scanning for low memory corruption every 60 seconds
[    4.907470] audit: initializing netlink subsys (disabled)
[    5.093636] audit: type=2000 audit(1523776562.723:1): initialized
[    5.193744] Initialise system trusted keyring
[    5.273947] HugeTLB registered 2 MB page size, pre-allocated 0 pages
[    5.374497] zbud: loaded
[    5.405464] VFS: Disk quotas dquot_6.6.0
[    5.500450] VFS: Dquot-cache hash table entries: 512 (order 0, 4096 bytes)
[    5.641571] squashfs: version 4.0 (2009/01/31) Phillip Lougher
[    5.743090] fuse init (API version 7.23)
[    5.807650] Key type big_key registered
[    5.909211] Allocating IMA MOK and blacklist keyrings.
[    5.958400] Key type asymmetric registered
[    6.048972] Asymmetric key parser 'x509' registered
[    6.122837] Block layer SCSI generic (bsg) driver version 0.4 loaded (major 249)
[    6.269336] io scheduler noop registered
[    6.348567] io scheduler deadline registered (default)
[    6.449042] io scheduler cfq registered
[    6.550022] pci_hotplug: PCI Hot Plug PCI Core version: 0.5
[    6.691345] pciehp: PCI Express Hot Plug Controller Driver version: 0.4
[    6.851357] ACPI: AC Adapter [AC] (on-line)
[    6.959669] input: Power Button as /devices/LNXSYSTM:00/LNXPWRBN:00/input/input0
[    7.147593] ACPI: Power Button [PWRF]
[    7.232949] input: Sleep Button as /devices/LNXSYSTM:00/LNXSLPBN:00/input/input1
[    7.402117] ACPI: Sleep Button [SLPF]
[    7.450996] GHES: HEST is not enabled!
[    7.452680] ACPI: Battery Slot [BAT0] (battery present)
[    7.680447] Serial: 8250/16550 driver, 32 ports, IRQ sharing enabled
[    7.824775] 00:02: ttyS0 at I/O 0x3f8 (irq = 4, base_baud = 115200) is a 16550A
[    8.021941] Linux agpgart interface v0.103
[    8.125312] loop: module loaded
[    8.182363] scsi host0: ata_piix
[    8.251228] scsi host1: ata_piix
[    8.312107] ata1: PATA max UDMA/33 cmd 0x1f0 ctl 0x3f6 bmdma 0xd000 irq 14
[    8.421728] ata2: PATA max UDMA/33 cmd 0x170 ctl 0x376 bmdma 0xd008 irq 15
[    8.509366] libphy: Fixed MDIO Bus: probed
[    8.584144] tun: Universal TUN/TAP device driver, 1.6
[    8.705602] tun: (C) 1999-2004 Max Krasnyansky <maxk@qualcomm.com>
[    8.820211] PPP generic driver version 2.4.2
[    8.882862] ehci_hcd: USB 2.0 'Enhanced' Host Controller (EHCI) Driver
[    8.978757] ehci-pci: EHCI PCI platform driver
[    9.048959] ehci-platform: EHCI generic platform driver
[    9.137574] ohci_hcd: USB 1.1 'Open' Host Controller (OHCI) Driver
[    9.238923] ohci-pci: OHCI PCI platform driver
[    9.346148] ohci-platform: OHCI generic platform driver
[    9.453672] uhci_hcd: USB Universal Host Controller Interface driver
[    9.524331] i8042: PNP: PS/2 Controller [PNP0303:PS2K,PNP0f03:PS2M] at 0x60,0x64 irq 1,12
[    9.691801] serio: i8042 KBD port at 0x60,0x64 irq 1
[    9.765020] serio: i8042 AUX port at 0x60,0x64 irq 12
[    9.851287] mousedev: PS/2 mouse device common for all mice
[    9.926955] input: AT Translated Set 2 keyboard as /devices/platform/i8042/serio0/input/input2
[    9.932681] rtc_cmos rtc_cmos: rtc core: registered rtc_cmos as rtc0
[    9.932810] rtc_cmos rtc_cmos: alarms up to one day, 114 bytes nvram
[    9.932827] i2c /dev entries driver
[    9.932948] device-mapper: uevent: version 1.0.3
[    9.933068] device-mapper: ioctl: 4.34.0-ioctl (2015-10-28) initialised: dm-devel@redhat.com
[    9.933104] ledtrig-cpu: registered to indicate activity on CPUs
[    9.933726] NET: Registered protocol family 10
[    9.934080] NET: Registered protocol family 17
[    9.934098] Key type dns_resolver registered
[    9.934625] registered taskstats version 1
[    9.934647] Loading compiled-in X.509 certificates
[    9.936065] Loaded X.509 cert 'Build time autogenerated kernel key: f854e06633b5f496ced5b2e02c7b14f761b69302'
[    9.936065] zswap: loaded using pool lzo/zbud
[    9.939765] Key type trusted registered
[    9.946028] Key type encrypted registered
[    9.946045] AppArmor: AppArmor sha1 policy hashing enabled
[    9.946052] ima: No TPM chip found, activating TPM-bypass!
[    9.946119] evm: HMAC attrs: 0x1
[    9.946777]   Magic number: 14:573:268
[   10.116055] rtc_cmos rtc_cmos: setting system clock to 2018-04-15 07:16:20 UTC (1523776580)
[   10.116316] BIOS EDD facility v0.16 2004-Jun-25, 0 devices found
[   10.116317] EDD information not available.
[   11.929093] Freeing unused kernel memory: 1508K
[   12.101818] Write protecting the kernel read-only data: 14336k
[   12.254452] Freeing unused kernel memory: 1696K
[   12.356347] Freeing unused kernel memory: 100K
Loading, please wait...
[   12.513431] random: systemd-udevd: uninitialized urandom read (16 bytes read, 4 bits of entropy available)
starting version[   12.516183] random: udevadm: uninitialized urandom read (16 bytes read, 4 bits of entropy available)
 229
[   12.516245] random: udevadm: uninitialized urandom read (16 bytes read, 4 bits of entropy available)
[   12.548189] random: udevadm: uninitialized urandom read (16 bytes read, 4 bits of entropy available)
[   12.548296] random: udevadm: uninitialized urandom read (16 bytes read, 4 bits of entropy available)
[   12.548366] random: udevadm: uninitialized urandom read (16 bytes read, 4 bits of entropy available)
[   12.548366] random: udevadm: uninitialized urandom read (16 bytes read, 4 bits of entropy available)
[   12.548366] random: udevadm: uninitialized urandom read (16 bytes read, 4 bits of entropy available)
[   12.548366] random: udevadm: uninitialized urandom read (16 bytes read, 4 bits of entropy available)
[   12.548366] random: udevadm: uninitialized urandom read (16 bytes read, 4 bits of entropy available)
[   14.143221] Fusion MPT base driver 3.04.20
[   14.219892] Copyright (c) 1999-2008 LSI Corporation
[   14.316345] e1000: Intel(R) PRO/1000 Network Driver - version 7.3.21-k8-NAPI
[   14.462700] e1000: Copyright (c) 1999-2006 Intel Corporation.
[   14.532317] input: ImExPS/2 Generic Explorer Mouse as /devices/platform/i8042/serio1/input/input4
[   14.744232] AVX version of gcm_enc/dec engaged.
[   14.853057] AES CTR mode by8 optimization enabled
[   14.972288] Fusion MPT SPI Host driver 3.04.20
[   15.218761] e1000 0000:00:03.0 eth0: (PCI:33MHz:32-bit) 02:1b:e7:ca:c1:c0
[   15.302892] e1000 0000:00:03.0 eth0: Intel(R) PRO/1000 Network Connection
[   15.861090] e1000 0000:00:08.0 eth1: (PCI:33MHz:32-bit) 08:00:27:53:08:b4
[   15.943128] e1000 0000:00:08.0 eth1: Intel(R) PRO/1000 Network Connection
[   16.039521] mptbase: ioc0: Initiating bringup
[   16.040490] e1000 0000:00:08.0 enp0s8: renamed from eth1
[   16.277006] e1000 0000:00:03.0 enp0s3: renamed from eth0
[   16.333113] ioc0: LSI53C1030 A0: Capabilities={Initiator}
[   16.597194] scsi host2: ioc0: LSI53C1030 A0, FwRev=00000000h, Ports=1, MaxQ=256, IRQ=20
[   16.897649] scsi 2:0:0:0: Direct-Access     VBOX     HARDDISK         1.0  PQ: 0 ANSI: 5
[   17.030883] scsi target2:0:0: Beginning Domain Validation
[   17.132216] scsi target2:0:0: Domain Validation skipping write tests
[   17.244179] scsi target2:0:0: Ending Domain Validation
[   17.369591] scsi target2:0:0: asynchronous
[   17.387943] scsi 2:0:1:0: Direct-Access     VBOX     HARDDISK         1.0  PQ: 0 ANSI: 5
[   17.584505] scsi target2:0:1: Beginning Domain Validation
[   17.807250] floppy0: no floppy controllers found
[   17.834077] scsi target2:0:1: Domain Validation skipping write tests
[   17.881531] scsi target2:0:1: Ending Domain Validation
[   17.960995] scsi target2:0:1: asynchronous
[   18.048238] sd 2:0:0:0: [sda] 20971520 512-byte logical blocks: (10.7 GB/10.0 GiB)
[   18.048279] sd 2:0:0:0: Attached scsi generic sg0 type 0
[   18.052811] sd 2:0:1:0: Attached scsi generic sg1 type 0
[   18.053182] sd 2:0:1:0: [sdb] 20480 512-byte logical blocks: (10.5 MB/10.0 MiB)
[   18.054575] sd 2:0:1:0: [sdb] Write Protect is off
[   18.054725] sd 2:0:1:0: [sdb] Incomplete mode parameter data
[   18.054728] sd 2:0:1:0: [sdb] Assuming drive cache: write through
[   18.097911] sd 2:0:1:0: [sdb] Attached SCSI disk
[   19.009211] sd 2:0:0:0: [sda] Write Protect is off
[   19.101362] sd 2:0:0:0: [sda] Incomplete mode parameter data
[   19.198920] sd 2:0:0:0: [sda] Assuming drive cache: write through
[   19.306649]  sda: sda1
[   19.357802] sd 2:0:0:0: [sda] Attached SCSI disk
Begin: Loading e[   21.571829] md: linear personality registered for level -1
ssential drivers[   21.684942] md: multipath personality registered for level -4
 ... [   21.787421] md: raid0 personality registered for level 0
[   21.917383] md: raid1 personality registered for level 1
[   22.112186] raid6: sse2x1   gen()   439 MB/s
[   22.240143] raid6: sse2x1   xor()  1263 MB/s
[   22.352088] raid6: sse2x2   gen()  1309 MB/s
[   22.468245] raid6: sse2x2   xor()  1579 MB/s
[   22.612145] raid6: sse2x4   gen()  1364 MB/s
[   22.748067] raid6: sse2x4   xor()  1043 MB/s
[   22.818494] raid6: using algorithm sse2x4 gen() 1364 MB/s
[   22.906359] raid6: .... xor() 1043 MB/s, rmw enabled
[   22.955946] raid6: using ssse3x2 recovery algorithm
[   23.034084] xor: automatically using best checksumming function:
[   23.208652]    avx       :  6524.000 MB/sec
[   23.302497] async_tx: api initialized (async)
[   23.390319] md: raid6 personality registered for level 6
[   23.538289] md: raid5 personality registered for level 5
[   23.723683] md: raid4 personality registered for level 4
[   23.869203] md: raid10 personality registered for level 10
done.
Begin: Running /scripts/init-premount ... done.
Begin: Mounti[   24.032773] Btrfs loaded
ng root file system ... Begin: Running /scripts/local-top ... done.
Begin: Running /scripts/local-premount ... Scanning for Btrfs filesystems
done.
Warning: fsck not present, so skipping root file[   24.432853] EXT4-fs (sda1): mounted filesystem with ordered data mode. Opts: (null)
 system
done.
Begin: Running /scripts/local-bottom ... done.
Begin: Running /scripts/init-bottom ... done.
[   25.117480] random: nonblocking pool is initialized
[   25.572835] systemd[1]: systemd 229 running in system mode. (+PAM +AUDIT +SELINUX +IMA +APPARMOR +SMACK +SYSVINIT +UTMP +LIBCRYPTSETUP +GCRYPT +GNUTLS +ACL +XZ -LZ4 +SECCOMP +BLKID +ELFUTILS +KMOD -IDN)
[   25.973439] systemd[1]: Detected virtualization oracle.
[   26.043588] systemd[1]: Detected architecture x86-64.

Welcome to [1mUbuntu 16.04.4 LTS[0m!

[   26.197477] systemd[1]: Set hostname to <ruby-vagrant>.
[   27.456313] systemd[1]: Listening on /dev/initctl Compatibility Named Pipe.
[[0;32m  OK  [0m] Listening on /dev/initctl Compatibility Named Pipe.
[   27.609799] systemd[1]: Created slice System Slice.
[[0;32m  OK  [0m] Created slice System Slice.
[   27.748839] systemd[1]: Reached target User and Group Name Lookups.
[[0;32m  OK  [0m] Reached target User and Group Name Lookups.
[   27.900636] systemd[1]: Reached target Encrypted Volumes.
[[0;32m  OK  [0m] Reached target Encrypted Volumes.
[   28.044749] systemd[1]: Listening on multipathd control socket.
[[0;32m  OK  [0m] Listening on multipathd control socket.
[   28.216598] systemd[1]: Reached target System Time Synchronized.
[[0;32m  OK  [0m] Reached target System Time Synchronized.
[   28.404869] systemd[1]: Listening on Syslog Socket.
[[0;32m  OK  [0m] Listening on Syslog Socket.
[   28.533058] systemd[1]: Listening on LVM2 metadata daemon socket.
[[0;32m  OK  [0m] Listening on LVM2 metadata daemon socket.
[   28.720617] systemd[1]: Listening on udev Kernel Socket.
[[0;32m  OK  [0m] Listening on udev Kernel Socket.
[   28.856973] systemd[1]: Started Trigger resolvconf update for networkd DNS.
[[0;32m  OK  [0m] Started Trigger resolvconf update for networkd DNS.
[   29.040861] systemd[1]: Listening on LVM2 poll daemon socket.
[[0;32m  OK  [0m] Listening on LVM2 poll daemon socket.
[   29.209102] systemd[1]: Set up automount Arbitrary Executable File Formats File System Automount Point.
[[0;32m  OK  [0m] Set up automount Arbitrary Executab...ats File System Automount Point.
[   29.493656] systemd[1]: Reached target Swap.
[[0;32m  OK  [0m] Reached target Swap.
[   29.633544] systemd[1]: Created slice User and Session Slice.
[[0;32m  OK  [0m] Created slice User and Session Slice.
[   29.772823] systemd[1]: Reached target Slices.
[[0;32m  OK  [0m] Reached target Slices.
[   29.904905] systemd[1]: Listening on udev Control Socket.
[[0;32m  OK  [0m] Listening on udev Control Socket.
[   30.064963] systemd[1]: Started Forward Password Requests to Wall Directory Watch.
[[0;32m  OK  [0m] Started Forward Password Requests to Wall Directory Watch.
[   30.276859] systemd[1]: Listening on Device-mapper event daemon FIFOs.
[[0;32m  OK  [0m] Listening on Device-mapper event daemon FIFOs.
[   30.458279] systemd[1]: Created slice system-serial\x2dgetty.slice.
[[0;32m  OK  [0m] Created slice system-serial\x2dgetty.slice.
[   30.668840] systemd[1]: Listening on Journal Socket.
[[0;32m  OK  [0m] Listening on Journal Socket.
[   30.844975] systemd[1]: Starting Create list of required static device nodes for the current kernel...
         Starting Create list of required st... nodes for the current kernel...
[   31.064653] systemd[1]: Mounting Debug File System...
         Mounting Debug File System...
[   31.180800] systemd[1]: Starting Device-Mapper Multipath Device Controller...
         Starting Device-[   31.314533] device-mapper: multipath: version 1.10.0 loaded
Mapper Multipath Device Controller...
[   31.440919] systemd[1]: Starting Uncomplicated firewall...
         Starting Uncomplicated firewall...
[   31.609107] systemd[1]: Starting Set console keymap...
         Starting Set console keymap...
[   31.725436] systemd[1]: Starting Monitoring of LVM2 mirrors, snapshots etc. using dmeventd or progress polling...
         Starting Monitoring of LVM2 mirrors... dmeventd or progress polling...
[   32.016932] systemd[1]: Starting Remount Root and Kernel File Systems...
         [   32.134963] EXT4-fs (sda1): re-mounted. Opts: (null)
Starting Remount Root and Kernel File Systems...
[   32.248583] systemd[1]: Mounting Huge Pages File System...
         Mounting Huge Pages File System...
[   32.377001] systemd[1]: Starting Nameserver information manager...
         Starting Nameserver information manager...
[   32.516833] systemd[1]: Listening on Journal Socket (/dev/log).
[[0;32m  OK  [0m] Listening on Journal Socket (/dev/log).
[   32.692583] systemd[1]: Mounting POSIX Message Queue File System...
         Mounting POSIX Message Queue File System...
[   32.876868] systemd[1]: Starting Load Kernel Modules...
[   33.000756] Loading iSCSI transport class v2.0-870.
         Starting Load Kernel Mo[   33.150715] iscsi: registered transport (tcp)
dules...
[   33.288542] systemd[1]: Listening on Journal Audit Socket.
[[0;32m  OK  [0m] Listening on Journal Audit Socket.
[   33.464063] iscsi: registered transport (iser)
[   33.552970] systemd[1]: Starting Journal Service...
         Starting Journal Service...
[   33.760245] systemd[1]: Mounted POSIX Message Queue File System.
[[0;32m  OK  [0m] Mounted POSIX Message Queue File System.
[   33.869405] systemd[1]: Mounted Huge Pages File System.
[[0;32m  OK  [0m] Mounted Huge Pages File System.
[   33.888238] systemd[1]: Mounted Debug File System.
[[0;32m  OK  [0m] Mounted Debug File System.
[   34.017236] systemd[1]: Started Journal Service.
[[0;32m  OK  [0m] Started Journal Service.
[[0;32m  OK  [0m] Started Create list of required sta...ce nodes for the current kernel.
[[0;32m  OK  [0m] Started Uncomplicated firewall.
[[0;32m  OK  [0m] Started Set console keymap.
[[0;32m  OK  [0m] Started Remount Root and Kernel File Systems.
[[0;32m  OK  [0m] Started Load Kernel Modules.
[[0;32m  OK  [0m] Started Nameserver information manager.
[[0;32m  OK  [0m] Started Device-Mapper Multipath Device Controller.
[[0;32m  OK  [0m] Started LVM2 metadata daemon.
         Starting Apply Kernel Variables...
         Mounting FUSE Control File System...
         Starting Load/Save Random Seed...
         Starting udev Coldplug all Devices...
         Starting Initial cloud-init job (pre-networking)...
         Starting Create Static Device Nodes in /dev...
         Starting Flush Journal to Persistent Storage...
[[0;32m  OK  [0m] Mounted FUSE Control File System.
[[0;32m  OK  [0m] Started Apply Kernel Variables.
[[0;32m  OK  [0m] Started Load/Save Random Seed.
[[0;32m  OK  [0m] Started Monitoring of LVM2 mirrors,...ng dmeventd or progress polling.
[[0;32m  OK  [0m] Started Create Static Device Nodes in /dev.
[[0;32m  OK  [0m] Started udev Coldplug all Devices.
[[0;32m  OK  [0m] Started Flush Journal to Persistent Storage.
         Starting udev Kernel Device Manager...
[[0;32m  OK  [0m] Started udev Kernel Device Manager.
[[0;32m  OK  [0m] Started Dispatch Password Requests to Console Directory Watch.
[[0;32m  OK  [0m] Reached target Local File Systems (Pre).
[[0;32m  OK  [0m] Reached target Local File Systems.
         Starting LSB: AppArmor initialization...
         Starting Set console font and keymap...
         Starting Tell Plymouth To Write Out Runtime Data...
         Starting Create Volatile Files and Directories...
[[0;32m  OK  [0m] Started Tell Plymouth To Write Out Runtime Data.
[[0;32m  OK  [0m] Found device /dev/ttyS0.
[[0;32m  OK  [0m] Started Create Volatile Files and Directories.
         Starting Update UTMP about System Boot/Shutdown...
[[0;32m  OK  [0m] Started Update UTMP about System Boot/Shutdown.
[[0;32m  OK  [0m] Found device 82540EM Gigabit Ethern...r (PRO/1000 MT Desktop Adapter).
[[0;32m  OK  [0m] Found device 82540EM Gigabit Ethern...r (PRO/1000 MT Desktop Adapter).
[[0;32m  OK  [0m] Started Set console font and keymap.
[[0;32m  OK  [0m] Created slice system-getty.slice.
[[0;32m  OK  [0m] Started LSB: AppArmor initialization.
[[0;32m  OK  [0m] Listening on Load/Save RF Kill Switch Status /dev/rfkill Watch.
[   45.046717] cloud-init[480]: Cloud-init v. 17.2 running 'init-local' at Sun, 15 Apr 2018 07:16:54 +0000. Up 43.52 seconds.
[[0;32m  OK  [0m] Started Initial cloud-init job (pre-networking).
[[0;32m  OK  [0m] Reached target Network (Pre).
         Starting Raise network interfaces...
[[0;32m  OK  [0m] Started ifup for enp0s8.
[[0;32m  OK  [0m] Started ifup for enp0s3.
[[0;32m  OK  [0m] Started Raise network interfaces.
[[0;32m  OK  [0m] Reached target Network.
         Starting Initial cloud-init job (metadata service crawler)...
[   50.368553] cloud-init[1095]: Cloud-init v. 17.2 running 'init' at Sun, 15 Apr 2018 07:16:58 +0000. Up 47.68 seconds.
[   50.521847] cloud-init[1095]: ci-info: +++++++++++++++++++++++++++++++++++++Net device info++++++++++++++++++++++++++++++++++++++
[[0;32m  OK  [0m] Started Initial cloud-init job (metadata service crawler).
[   50.685072] [[0;32m  OK  [0m] Reached target Network is Online.
cloud-init[1095]: ci-info: +--------+------+----------------------------+---------------+-------+-------------------+
[   50.912901] cloud-init[1095]: ci-info: | Device |  Up  |          Address           |      Mask     | Scope |     Hw-Address    |
[   50.991174] cloud-init[1095]: ci-info: +--------+------+----------------------------+---------------+-------+-------------------+
         Starting iSCSI initiator daemon (iscsid)...
[[0;32m  OK  [0m] Reached target Cloud-config availability.
[   50.994545] cloud-init[1095]: ci-info: | enp0s3 | True |         10.0.2.15          | 255.255.255.0 |   .   | 02:1b:e7:ca:c1:c0 |
[   51.325280] cloud-init[1095]: ci-info: | enp0s3 | True | fe80::1b:e7ff:feca:c1c0/64 |       .       |  link | 02:1b:e7:ca:c1:c0 |
[   51.325749] cloud-init[1095]: ci-info: | enp0s8 | True |        192.168.5.32        | 255.255.255.0 |   .   | 08:00:27:53:08:b4 |
[[0;32m  OK  [0m] Reached target System Initialization.
[   51.326009] cloud-init[1095]: ci-info: | enp0s8 | True | fe80::a00:27ff:fe53:8b4/64 |       .       |  link | 08:00:27:53:08:b4 |
[   51.684662] cloud-init[1095]: ci-info: |   lo   | True |         127.0.0.1          |   255.0.0.0   |   .   |         .         |
[[0;32m  OK  [0m] Started Timer to automatically refresh installed snaps.
[   51.685242] cloud-init[1095]: ci-info: |   lo   | True |          ::1/128           |       .       |  host |         .         |
[   52.040827] cloud-init[1095]: ci-info: +--------+------+----------------------------+---------------+-------+-------------------+
[   52.041252] cloud-init[1095]: ci-info: +++++++++++++++++++++++++++Route IPv4 info++++++++++++++++++++++++++++
[[0;32m  OK  [0m] Started ACPI Events Check.
[[   52.041489] cloud-init[1095]: ci-info: +-------+-------------+----------+---------------+-----------+-------+
[   52.268910] cloud-init[1095]: ci-info: | Route | Destination | Gateway  |    Genmask    | Interface | Flags |
[0;32m  OK  [0m] Reached target Paths.
[   52.271805] cloud-init[1095]: ci-info: +-------+-------------+----------+---------------+-----------+-------+
[   52.353587] cloud-init[1095]: ci-info: |   0   |   0.0.0.0   | 10.0.2.2 |    0.0.0.0    |   enp0s3  |   UG  |
[[0;32m  OK  [0m] Started Daily apt download activities.
[   52.355236] cloud-init[1095]: ci-info: |   1   |   10.0.2.0  | 0.0.0.0  | 255.255.255.0 |   enp0s3  |   U   |
[   52.744822] cloud-init[1095]: ci-info: |   2   | 192.168.5.0 | 0.0.0.0  | 255.255.255.0 |   enp0s8  |   U   |
[[0;32m  OK  [0m] Listening on ACPID Listen Socket.
[   52.745575] cloud-init[1095]: ci-info: +-------+-------------+----------+---------------+-----------+-------+
[[0;32m  OK  [0m] Listening on UUID daemon activation socket.
         Starting LXD - unix socket.
[[0;32m  OK  [0m] Started Daily Cleanup of Temporary Directories.
[[0;32m  OK  [0m] Started Daily apt upgrade and clean activities.
         Starting Socket activation for snappy daemon.
[[0;32m  OK  [0m] Listening on D-Bus System Message Bus Socket.
[[0;32m  OK  [0m] Reached target Timers.
[[0;32m  OK  [0m] Listening on LXD - unix socket.
[[0;32m  OK  [0m] Listening on Socket activation for snappy daemon.
[[0;32m  OK  [0m] Started iSCSI initiator daemon (iscsid).
         Starting Login to default iSCSI targets...
[[0;32m  OK  [0m] Reached target Sockets.
[[0;32m  OK  [0m] Reached target Basic System.
         Starting Login Service...
         Starting Apply the settings specified in cloud-config...
         Starting System Logging Service...
         Starting LSB: MD monitoring daemon...
[[0;32m  OK  [0m] Started Regular background program processing daemon.
         Starting Virtualbox guest utils...
[[0;32m  OK  [0m] Started FUSE filesystem for LXC.
         Starting MySQL Community Server...
         Starting LXD - container startup/shutdown...
[[0;32m  OK  [0m] Started ACPI event daemon.
         Starting /etc/rc.local Compatibility...
         Starting Accounts Service...
[[0;32m  OK  [0m] Started Unattended Upgrades Shutdown.
[[0;32m  OK  [0m] Started D-Bus System Message Bus.
         Starting OpenBSD Secure Shell server...
         Starting LSB: Record successful boot for GRUB...
[[0;32m  OK  [0m] Started Deferred execution scheduler.
         Starting Snappy daemon...
[[0;32m  OK  [0m] Started System Logging Service.
[[0;32m  OK  [0m] Started /etc/rc.local Compatibility.
[[0;32m  OK  [0m] Started OpenBSD Secure Shell server.
[[0;32m  OK  [0m] Started Login to default iSCSI targets.
[[0;32m  OK  [0m] Started Login Service.
         Starting Authenticate and Authorize Users to Run Privileged Tasks...
[[0;32m  OK  [0m] Reached target Remote File Systems (Pre).
[[0;32m  OK  [0m] Reached target Remote File Systems.
[   57.330873] cloud-init[1158]: Cloud-init v. 17.2 running 'modules:config' at Sun, 15 Apr 2018 07:17:06 +0000. Up 55.84 seconds.
         Starting LSB: daemon to balance interrupts for SMP systems...
         Starting LSB: automatic crash report generation...
         Starting LSB: Set the CPU Frequency Scaling governor to "ondemand"...
         Starting Permit User Sessions...
[[0;32m  OK  [0m] Started Apply the settings specified in cloud-config.
[[0;32m  OK  [0m] Started LSB: MD monitoring daemon.
[[0;32m  OK  [0m] Started Virtualbox guest utils.
[[0;32m  OK  [0m] Started LSB: Record successful boot for GRUB.
[[0;32m  OK  [0m] Started Permit User Sessions.
[[0;32m  OK  [0m] Started Authenticate and Authorize Users to Run Privileged Tasks.
[[0;32m  OK  [0m] Started Accounts Service.
         Starting Hold until boot process finishes up...
         Starting Terminate Plymouth Boot Screen...
[[0;32m  OK  [0m] Started LSB: daemon to balance interrupts for SMP systems.
[[0;32m  OK  [0m] Started LSB: automatic crash report generation.
[[0;32m  OK  [0m] Started LSB: Set the CPU Frequency Scaling governor to "ondemand".
[[0;32m  OK  [0m] Started LXD - container startup/shutdown.
[[0;32m  OK  [0m] Started Hold until boot process finishes up.
[[0;32m  OK  [0m] Started Terminate Plymouth Boot Screen.
[[0;32m  OK  [0m] Created slice User Slice of vagrant.
         Starting User Manager for UID 1000...
[[0;32m  OK  [0m] Started Session 1 of user vagrant.
         Starting Set console scheme...
[[0;32m  OK  [0m] Started Getty on tty1.
[[0;32m  OK  [0m] Started Serial Getty on ttyS0.
[[0;32m  OK  [0m] Reached target Login Prompts.
[[0;32m  OK  [0m] Started User Manager for UID 1000.
[[0;32m  OK  [0m] Started Snappy daemon.
[[0;32m  OK  [0m] Started Set console scheme.
[[0;32m  OK  [0m] Started MySQL Community Server.
[[0;32m  OK  [0m] Reached target Multi-User System.
         Starting Execute cloud user/final scripts...
[[0;32m  OK  [0m] Reached target Graphical Interface.
         Starting Update UTMP about System Runlevel Changes...
[[0;32m  OK  [0m] Started Update UTMP about System Runlevel Changes.

Ubuntu 16.04.4 LTS ruby-vagrant ttyS0

ruby-vagrant login: [   65.792550] cloud-init[1469]: Cloud-init v. 17.2 running 'modules:final' at Sun, 15 Apr 2018 07:17:15 +0000. Up 65.06 seconds.
[   65.793889] cloud-init[1469]: Cloud-init v. 17.2 finished at Sun, 15 Apr 2018 07:17:16 +0000. Datasource DataSourceNoCloud [seed=/dev/sdb][dsmode=net].  Up 65.75 seconds
  n         Stopping OpenBSD Secure Shell server...
         Stopping System Logging Service...
         Stopping LSB: Record successful boot for GRUB...
         Stopping LSB: Set the CPU Frequency Scaling governor to "ondemand"...
         Stopping LXD - container startup/shutdown...
         Stopping MySQL Community Server...
         Stopping LSB: daemon to balance interrupts for SMP systems...
         Stopping Regular background program processing daemon...
         Stopping Deferred execution scheduler...
         Stopping FUSE filesystem for LXC...
         Stopping Virtualbox guest utils...
         Stopping Snappy daemon...
         Stopping LSB: MD monitoring daemon...
[[0;32m  OK  [0m] Unmounted /var/lib/lxcfs.
[[0;32m  OK  [0m] Stopped System Logging Service.
[[0;32m  OK  [0m] Stopped Regular background program processing daemon.
[[0;32m  OK  [0m] Stopped ACPI event daemon.
[[0;32m  OK  [0m] Stopped Accounts Service.
[[0;32m  OK  [0m] Stopped OpenBSD Secure Shell server.
[[0;32m  OK  [0m] Stopped Deferred execution scheduler.
[[0;32m  OK  [0m] Stopped Snappy daemon.
[[0;32m  OK  [0m] Stopped Authenticate and Authorize Users to Run Privileged Tasks.
[[0;32m  OK  [0m] Stopped Getty on tty1.
[[0;32m  OK  [0m] Stopped Serial Getty on ttyS0.
[[0;32m  OK  [0m] Stopped User Manager for UID 1000.
[[0;32m  OK  [0m] Stopped Session 5 of user vagrant.
[[0;32m  OK  [0m] Stopped D-Bus System Message Bus.
[[0;32m  OK  [0m] Stopped Unattended Upgrades Shutdown.
[[0;32m  OK  [0m] Stopped FUSE filesystem for LXC.
[[0;32m  OK  [0m] Stopped LSB: Record successful boot for GRUB.
[[0;32m  OK  [0m] Stopped LSB: automatic crash report generation.
[[0;32m  OK  [0m] Stopped LSB: Set the CPU Frequency Scaling governor to "ondemand".
[[0;32m  OK  [0m] Stopped LXD - container startup/shutdown.
[[0;32m  OK  [0m] Stopped LSB: daemon to balance interrupts for SMP systems.
[[0;32m  OK  [0m] Stopped LSB: MD monitoring daemon.
[[0;32m  OK  [0m] Stopped Virtualbox guest utils.
[[0;32m  OK  [0m] Stopped MySQL Community Server.
[[0;32m  OK  [0m] Removed slice User Slice of vagrant.
         Stopping Login Service...
[[0;32m  OK  [0m] Removed slice system-serial\x2dgetty.slice.
         Stopping Permit User Sessions...
[[0;32m  OK  [0m] Stopped /etc/rc.local Compatibility.
[[0;32m  OK  [0m] Removed slice system-getty.slice.
[[0;32m  OK  [0m] Stopped Login Service.
[[0;32m  OK  [0m] Stopped Permit User Sessions.
[[0;32m  OK  [0m] Stopped target Remote File Systems.
[[0;32m  OK  [0m] Stopped target Remote File Systems (Pre).
         Stopping Login to default iSCSI targets...
[[0;32m  OK  [0m] Stopped target Basic System.
[[0;32m  OK  [0m] Stopped target Sockets.
[[0;32m  OK  [0m] Closed UUID daemon activation socket.
[[0;32m  OK  [0m] Closed LXD - unix socket.
[[0;32m  OK  [0m] Closed Syslog Socket.
[[0;32m  OK  [0m] Closed Socket activation for snappy daemon.
[[0;32m  OK  [0m] Closed ACPID Listen Socket.
[[0;32m  OK  [0m] Stopped target Slices.
[[0;32m  OK  [0m] Stopped target Paths.
[[0;32m  OK  [0m] Stopped Dispatch Password Requests to Console Directory Watch.
[[0;32m  OK  [0m] Stopped Forward Password Requests to Wall Directory Watch.
[[0;32m  OK  [0m] Stopped ACPI Events Check.
[[0;32m  OK  [0m] Closed D-Bus System Message Bus Socket.
[[0;32m  OK  [0m] Stopped target System Initialization.
         Stopping Load/Save Random Seed...
[[0;32m  OK  [0m] Stopped Create Volatile Files and Directories.
[[0;32m  OK  [0m] Stopped target Encrypted Volumes.
[[0;32m  OK  [0m] Stopped target Swap.
[[0;32m  OK  [0m] Removed slice User and Session Slice.
[[0;32m  OK  [0m] Stopped target User and Group Name Lookups.
[[0;32m  OK  [0m] Stopped Load/Save Random Seed.
[[0;32m  OK  [0m] Stopped Login to default iSCSI targets.
         Stopping iSCSI initiator daemon (iscsid)...
[[0;32m  OK  [0m] Stopped iSCSI initiator daemon (iscsid).
[[0;32m  OK  [0m] Stopped target Network is Online.
[[0;32m  OK  [0m] Stopped Initial cloud-init job (metadata service crawler).
[[0;32m  OK  [0m] Stopped target Network.
         Stopping Raise network interfaces...
[[0;32m  OK  [0m] Stopped Raise network interfaces.
[[0;32m  OK  [0m] Stopped Apply Kernel Variables.
[[0;32m  OK  [0m] Stopped target Network (Pre).
[[0;32m  OK  [0m] Stopped Initial cloud-init job (pre-networking).
[[0;32m  OK  [0m] Stopped Load Kernel Modules.
[[0;32m  OK  [0m] Stopped target Local File Systems.
         Unmounting /run/user/1000...
         Unmounting /vagrant...
         Unmounting /var/www...
[[0;32m  OK  [0m] Unmounted /run/user/1000.
[[0;32m  OK  [0m] Unmounted /vagrant.
[[0;32m  OK  [0m] Unmounted /var/www.
[[0;32m  OK  [0m] Reached target Unmount All Filesystems.
[[0;32m  OK  [0m] Stopped target Local File Systems (Pre).
[[0;32m  OK  [0m] Stopped Remount Root and Kernel File Systems.
         Stopping Device-Mapper Multipath Device Controller...
         Stopping Monitoring of LVM2 mirrors... dmeventd or progress polling...
[[0;32m  OK  [0m] Stopped Create Static Device Nodes in /dev.
[[0;32m  OK  [0m] Reached target Shutdown.
[ 9472.781981] reboot: Power down
